<?xml version="1.0" encoding="UTF-8" ?>
<testsuite tests="1" failures="1" name="com.mycompany.baches.control.EstadoBeanTest" time="1.81" errors="0" skipped="0">
  <properties>
[...]
</properties>
  <testcase classname="com.mycompany.baches.control.EstadoBeanTest" name="com.mycompany.baches.control.EstadoBeanTest.testCrear" time="1.81">
    <failure message="The test case is a prototype." type="org.opentest4j.AssertionFailedError">org.opentest4j.AssertionFailedError: The test case is a prototype.
	at org.junit.jupiter.api.AssertionUtils.fail(AssertionUtils.java:39)
	at org.junit.jupiter.api.Assertions.fail(Assertions.java:109)
	at com.mycompany.baches.control.EstadoBeanTest.testCrear(EstadoBeanTest.java:36)
</failure>
    <system-out>crear
[EL Info]: 2022-03-05 23:54:31.453--ServerSession(1722570594)--EclipseLink, version: Eclipse Persistence Services - 2.7.9.v20210604-2c549e2208
</system-out>
  </testcase>
</testsuite>